<?xml version="1.0" encoding="UTF-8"?>
<testsuite xmlns:xsi="http://www.w3.org/2001/XMLSchema-instance" xsi:noNamespaceSchemaLocation="https://maven.apache.org/surefire/maven-surefire-plugin/xsd/surefire-test-report-3.0.xsd" version="3.0" name="runner.TestRunner" time="24.137" tests="1" errors="0" skipped="0" failures="0">
  <properties>
[...]
</properties>
  <testcase name="runScenario[&quot;Adding Product to Cart&quot;, &quot;Adding Product to Cart in SwagLabs&quot;](1)" classname="runner.TestRunner" time="22.04">
    <system-out><![CDATA[
Scenario: Adding Product to Cart             &amp#27;[90m# src/test/resources/Features/SauceLabs.feature:8&amp#27;[0m
Browser Launched Successfully in Headless Mode
  &amp#27;[32mGiven &amp#27;[0m&amp#27;[32mUser is on SwagLabs Login page&amp#27;[0m       &amp#27;[90m# businessComponents.SauceLabs.login_page()&amp#27;[0m
  &amp#27;[32mWhen &amp#27;[0m&amp#27;[32mUser enters valid credentials&amp#27;[0m         &amp#27;[90m# businessComponents.SauceLabs.user_enters_valid_credentials()&amp#27;[0m
Products Displayed Successfully
  &amp#27;[32mThen &amp#27;[0m&amp#27;[32mUser should be redirected to Products&amp#27;[0m &amp#27;[90m# businessComponents.SauceLabs.user_should_be_redirected_to_homepage()&amp#27;[0m
  &amp#27;[32mWhen &amp#27;[0m&amp#27;[32mUser filter the product by price&amp#27;[0m      &amp#27;[90m# businessComponents.SauceLabs.srch_product()&amp#27;[0m
  &amp#27;[32mThen &amp#27;[0m&amp#27;[32madd first product to the cart&amp#27;[0m         &amp#27;[90m# businessComponents.SauceLabs.addingcart()&amp#27;[0m
Product added to the cart is: Sauce Labs Onesie
  &amp#27;[32mAnd &amp#27;[0m&amp#27;[32mopens cart to print the added product&amp#27;[0m  &amp#27;[90m# businessComponents.SauceLabs.verifycart()&amp#27;[0m
]]></system-out>
    <system-err><![CDATA[SLF4J(W): No SLF4J providers were found.
SLF4J(W): Defaulting to no-operation (NOP) logger implementation
SLF4J(W): See https://www.slf4j.org/codes.html#noProviders for further details.
Jun 03, 2025 4:23:51 PM org.openqa.selenium.devtools.CdpVersionFinder findNearestMatch
WARNING: Unable to find an exact match for CDP version 136, returning the closest version; found: 135; Please update to a Selenium version that supports CDP version 136
]]></system-err>
  </testcase>
</testsuite>