<?xml version="1.0" encoding="UTF-8"?>
<testsuite xmlns:xsi="http://www.w3.org/2001/XMLSchema-instance" xsi:noNamespaceSchemaLocation="https://maven.apache.org/surefire/maven-surefire-plugin/xsd/surefire-test-report-3.0.xsd" version="3.0" name="runner.TestRunner" time="6.677" tests="1" errors="0" skipped="0" failures="1">
  <properties>
[...]
</properties>
  <testcase name="runScenario[&quot;Adding Product to Cart&quot;, &quot;Adding Product to Cart in SwagLabs&quot;](1)" classname="runner.TestRunner" time="3.552">
    <failure message="Could not start a new session. Response code 500. Message: session not created: Microsoft Edge failed to start: crashed.&#10;  (session not created: DevToolsActivePort file doesn&apos;t exist)&#10;  (The process started from msedge location C:\Program Files (x86)\Microsoft\Edge\Application\msedge.exe is no longer running, so msedgedriver is assuming that msedge has crashed.) &#10;Host info: host: &apos;DESKTOP-52JJA80&apos;, ip: &apos;192.168.0.4&apos;&#10;Build info: version: &apos;4.31.0&apos;, revision: &apos;1ef9f18787*&apos;&#10;System info: os.name: &apos;Windows 10&apos;, os.arch: &apos;amd64&apos;, os.version: &apos;10.0&apos;, java.version: &apos;21.0.7&apos;&#10;Driver info: org.openqa.selenium.edge.EdgeDriver&#10;Command: [null, newSession {capabilities=[Capabilities {browserName: MicrosoftEdge, ms:edgeOptions: {args: [], extensions: []}}]}]" type="org.openqa.selenium.SessionNotCreatedException"><![CDATA[org.openqa.selenium.SessionNotCreatedException: 
Could not start a new session. Response code 500. Message: session not created: Microsoft Edge failed to start: crashed.
  (session not created: DevToolsActivePort file doesn't exist)
  (The process started from msedge location C:\Program Files (x86)\Microsoft\Edge\Application\msedge.exe is no longer running, so msedgedriver is assuming that msedge has crashed.) 
Host info: host: 'DESKTOP-52JJA80', ip: '192.168.0.4'
Build info: version: '4.31.0', revision: '1ef9f18787*'
System info: os.name: 'Windows 10', os.arch: 'amd64', os.version: '10.0', java.version: '21.0.7'
Driver info: org.openqa.selenium.edge.EdgeDriver
Command: [null, newSession {capabilities=[Capabilities {browserName: MicrosoftEdge, ms:edgeOptions: {args: [], extensions: []}}]}]
	at org.openqa.selenium.remote.ProtocolHandshake.createSession(ProtocolHandshake.java:114)
	at org.openqa.selenium.remote.ProtocolHandshake.createSession(ProtocolHandshake.java:75)
	at org.openqa.selenium.remote.ProtocolHandshake.createSession(ProtocolHandshake.java:61)
	at org.openqa.selenium.remote.HttpCommandExecutor.execute(HttpCommandExecutor.java:187)
	at org.openqa.selenium.remote.service.DriverCommandExecutor.invokeExecute(DriverCommandExecutor.java:216)
	at org.openqa.selenium.remote.service.DriverCommandExecutor.execute(DriverCommandExecutor.java:174)
	at org.openqa.selenium.remote.RemoteWebDriver.execute(RemoteWebDriver.java:545)
	at org.openqa.selenium.remote.RemoteWebDriver.startSession(RemoteWebDriver.java:245)
	at org.openqa.selenium.remote.RemoteWebDriver.<init>(RemoteWebDriver.java:174)
	at org.openqa.selenium.chromium.ChromiumDriver.<init>(ChromiumDriver.java:110)
	at org.openqa.selenium.edge.EdgeDriver.<init>(EdgeDriver.java:60)
	at org.openqa.selenium.edge.EdgeDriver.<init>(EdgeDriver.java:56)
	at org.openqa.selenium.edge.EdgeDriver.<init>(EdgeDriver.java:48)
	at org.openqa.selenium.edge.EdgeDriver.<init>(EdgeDriver.java:44)
	at businessComponents.SauceLabs.browser(SauceLabs.java:35)
]]></failure>
    <system-out><![CDATA[
Scenario: Adding Product to Cart             &amp#27;[90m# src/test/resources/Features/SauceLabs.feature:8&amp#27;[0m
      &amp#27;[31morg.openqa.selenium.SessionNotCreatedException: Could not start a new session. Response code 500. Message: session not created: Microsoft Edge failed to start: crashed.
        (session not created: DevToolsActivePort file doesn't exist)
        (The process started from msedge location C:\Program Files (x86)\Microsoft\Edge\Application\msedge.exe is no longer running, so msedgedriver is assuming that msedge has crashed.) 
      Host info: host: 'DESKTOP-52JJA80', ip: '192.168.0.4'
      Build info: version: '4.31.0', revision: '1ef9f18787*'
      System info: os.name: 'Windows 10', os.arch: 'amd64', os.version: '10.0', java.version: '21.0.7'
      Driver info: org.openqa.selenium.edge.EdgeDriver
      Command: [null, newSession {capabilities=[Capabilities {browserName: MicrosoftEdge, ms:edgeOptions: {args: [], extensions: []}}]}]
      	at org.openqa.selenium.remote.ProtocolHandshake.createSession(ProtocolHandshake.java:114)
      	at org.openqa.selenium.remote.ProtocolHandshake.createSession(ProtocolHandshake.java:75)
      	at org.openqa.selenium.remote.ProtocolHandshake.createSession(ProtocolHandshake.java:61)
      	at org.openqa.selenium.remote.HttpCommandExecutor.execute(HttpCommandExecutor.java:187)
      	at org.openqa.selenium.remote.service.DriverCommandExecutor.invokeExecute(DriverCommandExecutor.java:216)
      	at org.openqa.selenium.remote.service.DriverCommandExecutor.execute(DriverCommandExecutor.java:174)
      	at org.openqa.selenium.remote.RemoteWebDriver.execute(RemoteWebDriver.java:545)
      	at org.openqa.selenium.remote.RemoteWebDriver.startSession(RemoteWebDriver.java:245)
      	at org.openqa.selenium.remote.RemoteWebDriver.<init>(RemoteWebDriver.java:174)
      	at org.openqa.selenium.chromium.ChromiumDriver.<init>(ChromiumDriver.java:110)
      	at org.openqa.selenium.edge.EdgeDriver.<init>(EdgeDriver.java:60)
      	at org.openqa.selenium.edge.EdgeDriver.<init>(EdgeDriver.java:56)
      	at org.openqa.selenium.edge.EdgeDriver.<init>(EdgeDriver.java:48)
      	at org.openqa.selenium.edge.EdgeDriver.<init>(EdgeDriver.java:44)
      	at businessComponents.SauceLabs.browser(SauceLabs.java:35)&amp#27;[0m
  &amp#27;[36mGiven &amp#27;[0m&amp#27;[36mUser is on SwagLabs Login page&amp#27;[0m       &amp#27;[90m# businessComponents.SauceLabs.login_page()&amp#27;[0m
  &amp#27;[36mWhen &amp#27;[0m&amp#27;[36mUser enters valid credentials&amp#27;[0m         &amp#27;[90m# businessComponents.SauceLabs.user_enters_valid_credentials()&amp#27;[0m
  &amp#27;[36mThen &amp#27;[0m&amp#27;[36mUser should be redirected to Products&amp#27;[0m &amp#27;[90m# businessComponents.SauceLabs.user_should_be_redirected_to_homepage()&amp#27;[0m
  &amp#27;[36mWhen &amp#27;[0m&amp#27;[36mUser filter the product by price&amp#27;[0m      &amp#27;[90m# businessComponents.SauceLabs.srch_product()&amp#27;[0m
  &amp#27;[36mThen &amp#27;[0m&amp#27;[36madd first product to the cart&amp#27;[0m         &amp#27;[90m# businessComponents.SauceLabs.addingcart()&amp#27;[0m
  &amp#27;[36mAnd &amp#27;[0m&amp#27;[36mopens cart to print the added product&amp#27;[0m  &amp#27;[90m# businessComponents.SauceLabs.verifycart()&amp#27;[0m
]]></system-out>
    <system-err><![CDATA[SLF4J(W): No SLF4J providers were found.
SLF4J(W): Defaulting to no-operation (NOP) logger implementation
SLF4J(W): See https://www.slf4j.org/codes.html#noProviders for further details.
]]></system-err>
  </testcase>
</testsuite>