<?xml version="1.0" encoding="UTF-8"?>
<testng-results ignored="0" total="1" passed="1" failed="0" skipped="0">
  <reporter-output>
  </reporter-output>
  <suite started-at="2025-05-25T22:55:30 IST" name="Surefire suite" finished-at="2025-05-25T22:55:51 IST" duration-ms="20842">
    <groups>
      <group name="cucumber">
        <method signature="AbstractTestNGCucumberTests.runScenario(io.cucumber.testng.PickleWrapper,io.cucumber.testng.FeatureWrapper)[pri:0, instance:runner.TestRunner@c33b74f]" name="runScenario" class="io.cucumber.testng.AbstractTestNGCucumberTests"/>
      </group> <!-- cucumber -->
    </groups>
    <test started-at="2025-05-25T22:55:30 IST" name="Surefire test" finished-at="2025-05-25T22:55:51 IST" duration-ms="20842">
      <class name="runner.TestRunner">
        <test-method is-config="true" signature="setUpClass(org.testng.ITestContext)[pri:0, instance:runner.TestRunner@c33b74f]" started-at="2025-05-25T22:55:30 IST" name="setUpClass" finished-at="2025-05-25T22:55:31 IST" duration-ms="986" status="PASS">
          <params>
            <param index="0">
              <value>
                <![CDATA[org.testng.TestRunner@bc4d5e1]]>
              </value>
            </param>
          </params>
          <reporter-output>
          </reporter-output>
        </test-method> <!-- setUpClass -->
        <test-method signature="runScenario(io.cucumber.testng.PickleWrapper,io.cucumber.testng.FeatureWrapper)[pri:0, instance:runner.TestRunner@c33b74f]" started-at="2025-05-25T22:55:31 IST" name="runScenario" description="Runs Cucumber Scenarios" data-provider="scenarios" finished-at="2025-05-25T22:55:51 IST" duration-ms="19732" status="PASS">
          <params>
            <param index="0">
              <value>
                <![CDATA["Adding Product to Cart"]]>
              </value>
            </param>
            <param index="1">
              <value>
                <![CDATA["Adding Product to Cart in SwagLabs"]]>
              </value>
            </param>
          </params>
          <reporter-output>
          </reporter-output>
        </test-method> <!-- runScenario -->
        <test-method is-config="true" signature="tearDownClass()[pri:0, instance:runner.TestRunner@c33b74f]" started-at="2025-05-25T22:55:51 IST" name="tearDownClass" finished-at="2025-05-25T22:55:51 IST" duration-ms="43" status="PASS">
          <reporter-output>
          </reporter-output>
        </test-method> <!-- tearDownClass -->
      </class> <!-- runner.TestRunner -->
    </test> <!-- Surefire test -->
  </suite> <!-- Surefire suite -->
</testng-results>
