<?xml version="1.0" encoding="UTF-8"?>
<testng-results ignored="0" total="1" passed="1" failed="0" skipped="0">
  <reporter-output>
  </reporter-output>
  <suite started-at="2025-06-03T16:29:14 IST" name="Default suite" finished-at="2025-06-03T16:29:30 IST" duration-ms="15761">
    <groups>
      <group name="cucumber">
        <method signature="AbstractTestNGCucumberTests.runScenario(io.cucumber.testng.PickleWrapper,io.cucumber.testng.FeatureWrapper)[pri:0, instance:runner.TestRunner@77f1baf5]" name="runScenario" class="io.cucumber.testng.AbstractTestNGCucumberTests"/>
      </group> <!-- cucumber -->
    </groups>
    <test started-at="2025-06-03T16:29:14 IST" name="Default test" finished-at="2025-06-03T16:29:30 IST" duration-ms="15761">
      <class name="runner.TestRunner">
        <test-method is-config="true" signature="setUpClass(org.testng.ITestContext)[pri:0, instance:runner.TestRunner@77f1baf5]" started-at="2025-06-03T16:29:14 IST" name="setUpClass" finished-at="2025-06-03T16:29:15 IST" duration-ms="1194" status="PASS">
          <params>
            <param index="0">
              <value>
                <![CDATA[org.testng.TestRunner@299270eb]]>
              </value>
            </param>
          </params>
          <reporter-output>
          </reporter-output>
        </test-method> <!-- setUpClass -->
        <test-method signature="runScenario(io.cucumber.testng.PickleWrapper,io.cucumber.testng.FeatureWrapper)[pri:0, instance:runner.TestRunner@77f1baf5]" started-at="2025-06-03T16:29:15 IST" name="runScenario" description="Runs Cucumber Scenarios" data-provider="scenarios" finished-at="2025-06-03T16:29:30 IST" duration-ms="14408" status="PASS">
          <params>
            <param index="0">
              <value>
                <![CDATA["Adding Product to Cart"]]>
              </value>
            </param>
            <param index="1">
              <value>
                <![CDATA["Adding Product to Cart in SwagLabs"]]>
              </value>
            </param>
          </params>
          <reporter-output>
          </reporter-output>
        </test-method> <!-- runScenario -->
        <test-method is-config="true" signature="tearDownClass()[pri:0, instance:runner.TestRunner@77f1baf5]" started-at="2025-06-03T16:29:30 IST" name="tearDownClass" finished-at="2025-06-03T16:29:30 IST" duration-ms="53" status="PASS">
          <reporter-output>
          </reporter-output>
        </test-method> <!-- tearDownClass -->
      </class> <!-- runner.TestRunner -->
    </test> <!-- Default test -->
  </suite> <!-- Default suite -->
</testng-results>
